MSG:
Test_Item: Backlight
 test_type: CloseLoop
MSG end
Result:
PASS
Result end
The test case is passed.

MSG:
Test_Item: RTC hardware
 test_type: CloseLoop
MSG end
Thu Aug  8 11:35:20 CST 2019
Result:
PASS
Result end
The test case is passed.

MSG:
Test_Item: Storage
 test_type: CloseLoop
MSG end
Result:
PASS
Result end
The test case is passed.

HIT-W101C System Information
=============================================
Model Number : usc_130_160
Android Version : 8.1.0
BuildNumber : usc_130_160-userdebug 8.1.0 OPM8.20200224 100137 test-keys
Eth0 Mac Address : c4:00:ad:41:99:68
wlan0 Mac Address : c4:00:ad:41:99:68
DDR3 Memory total size : 2046248 (KB)
USER space : 11816960
The test case is completed.

MSG:
Test_Item: Storage
 test_type: CloseLoop
MSG end
Result:
PASS
Result end
The test case is passed.

