MSG:
Test_Item: cpu_info hardware
 test_type: CloseLoop
MSG end
cat /sys/devices/system/cpu/cpu0/cpufreq/cpuinfo_cur_freq 1008000
cat /sys/devices/system/cpu/cpu1/cpufreq/cpuinfo_cur_freq 1008000
cat /sys/devices/system/cpu/cpu2/cpufreq/cpuinfo_cur_freq 1008000
cat /sys/devices/system/cpu/cpu3/cpufreq/cpuinfo_cur_freq 1008000
stress: info: [17380] dispatching hogs: 4 cpu, 4 io, 2 vm, 0 hdd
cat /sys/devices/system/cpu/cpu0/cpufreq/cpuinfo_cur_freq 1608000
cat /sys/devices/system/cpu/cpu1/cpufreq/cpuinfo_cur_freq 1608000
cat /sys/devices/system/cpu/cpu2/cpufreq/cpuinfo_cur_freq 1608000
cat /sys/devices/system/cpu/cpu3/cpufreq/cpuinfo_cur_freq 1608000
Result:
processor	: 0
model name	: ARMv7 Processor rev 1 (v7l)
BogoMIPS	: 94.58
Features	: half thumb fastmult vfp edsp neon vfpv3 tls vfpv4 idiva idivt vfpd32 lpae evtstrm 
CPU implementer	: 0x41
CPU architecture: 7
CPU variant	: 0x0
CPU part	: 0xc0d
CPU revision	: 1

processor	: 1
model name	: ARMv7 Processor rev 1 (v7l)
BogoMIPS	: 94.58
Features	: half thumb fastmult vfp edsp neon vfpv3 tls vfpv4 idiva idivt vfpd32 lpae evtstrm 
CPU implementer	: 0x41
CPU architecture: 7
CPU variant	: 0x0
CPU part	: 0xc0d
CPU revision	: 1

processor	: 2
model name	: ARMv7 Processor rev 1 (v7l)
BogoMIPS	: 94.58
Features	: half thumb fastmult vfp edsp neon vfpv3 tls vfpv4 idiva idivt vfpd32 lpae evtstrm 
CPU implementer	: 0x41
CPU architecture: 7
CPU variant	: 0x0
CPU part	: 0xc0d
CPU revision	: 1

processor	: 3
model name	: ARMv7 Processor rev 1 (v7l)
BogoMIPS	: 94.58
Features	: half thumb fastmult vfp edsp neon vfpv3 tls vfpv4 idiva idivt vfpd32 lpae evtstrm 
CPU implementer	: 0x41
CPU architecture: 7
CPU variant	: 0x0
CPU part	: 0xc0d
CPU revision	: 1

Hardware	: Generic DT based system
Revision	: 0000
Serial		: 3033d403e0512052
PASS
Result end
stress: info: [17380] successful run completed in 10s
