MSG:
Test_Item: usbdisk_sdcard_burn hardware
 test_type: CloseLoop
MSG end
/mnt/media_rw/0CE2-E93C
1: PASS
/mnt/media_rw/6EA2-E5D9
1: PASS
/mnt/media_rw/0CE2-E93C
2: PASS
/mnt/media_rw/6EA2-E5D9
2: PASS
/mnt/media_rw/0CE2-E93C
3: PASS
/mnt/media_rw/6EA2-E5D9
3: PASS
/mnt/media_rw/0CE2-E93C
4: PASS
/mnt/media_rw/6EA2-E5D9
4: PASS
/mnt/media_rw/0CE2-E93C
5: PASS
/mnt/media_rw/6EA2-E5D9
5: PASS
/mnt/media_rw/0CE2-E93C
6: PASS
/mnt/media_rw/6EA2-E5D9
6: PASS
/mnt/media_rw/0CE2-E93C
7: PASS
/mnt/media_rw/6EA2-E5D9
7: PASS
/mnt/media_rw/0CE2-E93C
8: PASS
/mnt/media_rw/6EA2-E5D9
8: PASS
/mnt/media_rw/0CE2-E93C
9: PASS
/mnt/media_rw/6EA2-E5D9
9: PASS
/mnt/media_rw/0CE2-E93C
10: PASS
/mnt/media_rw/6EA2-E5D9
10: PASS
Result:
PASS
Result end
