usc_130_160_4k_test_20200612_163034.log
usc_130_160_androiddm_version_20200612_162302.log
usc_130_160_audio_speaker_20200612_162151.log
usc_130_160_backlight_20200612_162159.log
usc_130_160_bluetooth_20200612_162213.log
usc_130_160_boot_animation_check_20200612_162305.log
usc_130_160_boot_info_20200612_163002.log
usc_130_160_camera_20200612_162218.log
usc_130_160_comtest_20200612_162221.log
usc_130_160_comtest_burn_20200612_162813.log
usc_130_160_cpu_burn_20200612_162403.log
usc_130_160_cpu_info_20200612_162618.log
usc_130_160_cpu_wifi_iperf_20200612_162539.log
usc_130_160_display_info_20200612_163005.log
usc_130_160_display_test_20200612_163009.log
usc_130_160_emmc_20200612_162234.log
usc_130_160_emmc_burn_20200612_162744.log
usc_130_160_emmc_info_20200612_162642.log
usc_130_160_eth_iperf_20200612_162337.log
usc_130_160_eth_ping_20200612_162757.log
usc_130_160_gpio_key_20200612_162240.log
usc_130_160_gpio_test_20200612_162958.log
usc_130_160_mem_burn_20200612_162505.log
usc_130_160_mem_info_20200612_162640.log
usc_130_160_rfid_20200612_162243.log
usc_130_160_rtc_20200612_162246.log
usc_130_160_sd_info_20200612_162645.log
usc_130_160_system_customization_20200612_162307.log
usc_130_160_systeminformation_20200612_162252.log
usc_130_160_usb_info_20200612_162648.log
usc_130_160_usb_otg_info_20200612_162650.log
usc_130_160_usbdisk_sdcard_20200612_162255.log
usc_130_160_usbdisk_sdcard_burn_20200612_162653.log
usc_130_160_video_fps_20200612_162604.log
usc_130_160_wifi_iperf_20200612_162310.log
usc130_a8_wifi_iperf_py_20200612_163122.log 
usc130_a8_eth_iperf_py_20200612_163201.log 
