MSG:
Test_Item: wifi_iperf hardware
 test_type: CloseLoop
MSG end
------------------------------------------------------------
Server listening on TCP port 5001
TCP window size:  600 KByte (WARNING: requested  300 KByte)
------------------------------------------------------------
------------------------------------------------------------
Client connecting to 192.168.31.174, TCP port 5001
TCP window size:  600 KByte (WARNING: requested  300 KByte)
------------------------------------------------------------
[  5] local 192.168.31.201 port 48286 connected with 192.168.31.174 port 5001
[  4] local 192.168.31.201 port 5001 connected with 192.168.31.174 port 54691
[ ID] Interval       Transfer     Bandwidth
[  5]  0.0- 5.0 sec  12.1 MBytes  20.3 Mbits/sec
[  4]  0.0- 5.0 sec  55.4 MBytes  93.0 Mbits/sec
[  4]  5.0-10.0 sec  56.4 MBytes  94.6 Mbits/sec
[  5]  5.0-10.0 sec  12.2 MBytes  20.6 Mbits/sec
[  5] 10.0-15.0 sec  11.9 MBytes  19.9 Mbits/sec
[  4] 10.0-15.0 sec  56.4 MBytes  94.7 Mbits/sec
[  4] 15.0-20.0 sec  56.4 MBytes  94.7 Mbits/sec
[  5] 15.0-20.0 sec  12.2 MBytes  20.6 Mbits/sec
[  5]  0.0-20.0 sec  48.6 MBytes  20.3 Mbits/sec
[  4]  0.0-20.1 sec   225 MBytes  94.2 Mbits/sec
Result:
PASS
Result end
