MSG:
Test_Item: cpu_burn hardware
 test_type: CloseLoop
MSG end
stress: info: [10353] dispatching hogs: 4 cpu, 4 io, 2 vm, 0 hdd
Linux 4.4.132+ (localhost)	06/12/20	_armv7l_	(4 CPU)

08:24:03     CPU    %usr   %nice    %sys %iowait    %irq   %soft  %steal  %guest   %idle
08:24:05     all   47.50    0.00   52.25    0.00    0.00    0.12    0.00    0.00    0.12
08:24:05       0   32.66    0.00   66.83    0.00    0.00    0.50    0.00    0.00    0.00
08:24:05       1   47.50    0.00   52.50    0.00    0.00    0.00    0.00    0.00    0.00
08:24:05       2   50.50    0.00   49.50    0.00    0.00    0.00    0.00    0.00    0.00
08:24:05       3   59.00    0.00   41.00    0.00    0.00    0.00    0.00    0.00    0.00

08:24:05     CPU    %usr   %nice    %sys %iowait    %irq   %soft  %steal  %guest   %idle
08:24:07     all   46.94    0.00   52.93    0.00    0.00    0.12    0.00    0.00    0.00
08:24:07       0   50.00    0.00   49.50    0.00    0.00    0.50    0.00    0.00    0.00
08:24:07       1   45.50    0.00   54.50    0.00    0.00    0.00    0.00    0.00    0.00
08:24:07       2   51.00    0.00   49.00    0.00    0.00    0.00    0.00    0.00    0.00
08:24:07       3   41.50    0.00   58.50    0.00    0.00    0.00    0.00    0.00    0.00

08:24:07     CPU    %usr   %nice    %sys %iowait    %irq   %soft  %steal  %guest   %idle
08:24:09     all   47.31    0.00   52.44    0.00    0.00    0.25    0.00    0.00    0.00
08:24:09       0   15.92    0.00   83.08    0.00    0.00    1.00    0.00    0.00    0.00
08:24:09       1   89.50    0.00   10.50    0.00    0.00    0.00    0.00    0.00    0.00
08:24:09       2   45.00    0.00   55.00    0.00    0.00    0.00    0.00    0.00    0.00
08:24:09       3   38.69    0.00   61.31    0.00    0.00    0.00    0.00    0.00    0.00

08:24:09     CPU    %usr   %nice    %sys %iowait    %irq   %soft  %steal  %guest   %idle
08:24:11     all   48.00    0.00   51.88    0.00    0.00    0.12    0.00    0.00    0.00
08:24:11       0   50.25    0.00   49.25    0.00    0.00    0.50    0.00    0.00    0.00
08:24:11       1   47.50    0.00   52.50    0.00    0.00    0.00    0.00    0.00    0.00
08:24:11       2   51.50    0.00   48.50    0.00    0.00    0.00    0.00    0.00    0.00
08:24:11       3   43.00    0.00   57.00    0.00    0.00    0.00    0.00    0.00    0.00

08:24:11     CPU    %usr   %nice    %sys %iowait    %irq   %soft  %steal  %guest   %idle
08:24:13     all   49.06    0.00   50.81    0.00    0.00    0.12    0.00    0.00    0.00
08:24:13       0   50.25    0.00   48.76    0.00    0.00    1.00    0.00    0.00    0.00
08:24:13       1   49.00    0.00   51.00    0.00    0.00    0.00    0.00    0.00    0.00
08:24:13       2   53.00    0.00   47.00    0.00    0.00    0.00    0.00    0.00    0.00
08:24:13       3   43.50    0.00   56.50    0.00    0.00    0.00    0.00    0.00    0.00

08:24:13     CPU    %usr   %nice    %sys %iowait    %irq   %soft  %steal  %guest   %idle
08:24:15     all   47.93    0.00   51.81    0.00    0.00    0.25    0.00    0.00    0.00
08:24:15       0   50.00    0.00   49.00    0.00    0.00    1.00    0.00    0.00    0.00
08:24:15       1   47.50    0.00   52.50    0.00    0.00    0.00    0.00    0.00    0.00
08:24:15       2   50.50    0.00   49.50    0.00    0.00    0.00    0.00    0.00    0.00
08:24:15       3   44.00    0.00   56.00    0.00    0.00    0.00    0.00    0.00    0.00

08:24:15     CPU    %usr   %nice    %sys %iowait    %irq   %soft  %steal  %guest   %idle
08:24:17     all   47.82    0.00   51.94    0.00    0.00    0.25    0.00    0.00    0.00
08:24:17       0   51.50    0.00   48.00    0.00    0.00    0.50    0.00    0.00    0.00
08:24:17       1   47.00    0.00   53.00    0.00    0.00    0.00    0.00    0.00    0.00
08:24:17       2   51.00    0.00   49.00    0.00    0.00    0.00    0.00    0.00    0.00
08:24:17       3   42.00    0.00   58.00    0.00    0.00    0.00    0.00    0.00    0.00

08:24:17     CPU    %usr   %nice    %sys %iowait    %irq   %soft  %steal  %guest   %idle
08:24:19     all   47.25    0.00   52.50    0.00    0.00    0.12    0.00    0.00    0.12
08:24:19       0   49.50    0.00   50.00    0.00    0.00    0.50    0.00    0.00    0.00
08:24:19       1   42.29    0.00   57.21    0.00    0.00    0.00    0.00    0.00    0.50
08:24:19       2   51.50    0.00   48.50    0.00    0.00    0.00    0.00    0.00    0.00
08:24:19       3   45.77    0.00   54.23    0.00    0.00    0.00    0.00    0.00    0.00

08:24:19     CPU    %usr   %nice    %sys %iowait    %irq   %soft  %steal  %guest   %idle
08:24:21     all   47.62    0.00   52.38    0.00    0.00    0.00    0.00    0.00    0.00
08:24:21       0   50.00    0.00   50.00    0.00    0.00    0.00    0.00    0.00    0.00
08:24:21       1   51.50    0.00   48.50    0.00    0.00    0.00    0.00    0.00    0.00
08:24:21       2   47.00    0.00   53.00    0.00    0.00    0.00    0.00    0.00    0.00
08:24:21       3   42.21    0.00   57.79    0.00    0.00    0.00    0.00    0.00    0.00

08:24:21     CPU    %usr   %nice    %sys %iowait    %irq   %soft  %steal  %guest   %idle
08:24:23     all   46.88    0.12   52.88    0.00    0.00    0.12    0.00    0.00    0.00
08:24:23       0   51.24    0.50   47.26    0.00    0.00    1.00    0.00    0.00    0.00
08:24:23       1   49.25    0.00   50.75    0.00    0.00    0.00    0.00    0.00    0.00
08:24:23       2   44.50    0.00   55.50    0.00    0.00    0.00    0.00    0.00    0.00
08:24:23       3   41.79    0.00   58.21    0.00    0.00    0.00    0.00    0.00    0.00

08:24:23     CPU    %usr   %nice    %sys %iowait    %irq   %soft  %steal  %guest   %idle
08:24:25     all   46.00    0.00   53.87    0.00    0.00    0.12    0.00    0.00    0.00
08:24:25       0   49.75    0.00   50.25    0.00    0.00    0.00    0.00    0.00    0.00
08:24:25       1   43.50    0.00   56.50    0.00    0.00    0.00    0.00    0.00    0.00
08:24:25       2   44.00    0.00   56.00    0.00    0.00    0.00    0.00    0.00    0.00
08:24:25       3   47.24    0.00   52.76    0.00    0.00    0.00    0.00    0.00    0.00

08:24:25     CPU    %usr   %nice    %sys %iowait    %irq   %soft  %steal  %guest   %idle
08:24:27     all   46.75    0.00   53.12    0.00    0.00    0.12    0.00    0.00    0.00
08:24:27       0   50.50    0.00   49.00    0.00    0.00    0.50    0.00    0.00    0.00
08:24:27       1   43.00    0.00   57.00    0.00    0.00    0.00    0.00    0.00    0.00
08:24:27       2   44.00    0.00   56.00    0.00    0.00    0.00    0.00    0.00    0.00
08:24:27       3   49.75    0.00   50.25    0.00    0.00    0.00    0.00    0.00    0.00

08:24:27     CPU    %usr   %nice    %sys %iowait    %irq   %soft  %steal  %guest   %idle
08:24:29     all   47.07    0.00   52.81    0.00    0.00    0.12    0.00    0.00    0.00
08:24:29       0   50.25    0.00   49.25    0.00    0.00    0.50    0.00    0.00    0.00
08:24:29       1   43.00    0.00   57.00    0.00    0.00    0.00    0.00    0.00    0.00
08:24:29       2   45.00    0.00   55.00    0.00    0.00    0.00    0.00    0.00    0.00
08:24:29       3   49.75    0.00   50.25    0.00    0.00    0.00    0.00    0.00    0.00

08:24:29     CPU    %usr   %nice    %sys %iowait    %irq   %soft  %steal  %guest   %idle
08:24:31     all   46.68    0.00   53.32    0.00    0.00    0.00    0.00    0.00    0.00
08:24:31       0   50.00    0.00   49.50    0.00    0.00    0.50    0.00    0.00    0.00
08:24:31       1   45.50    0.00   54.50    0.00    0.00    0.00    0.00    0.00    0.00
08:24:31       2   44.00    0.00   56.00    0.00    0.00    0.00    0.00    0.00    0.00
08:24:31       3   47.00    0.00   53.00    0.00    0.00    0.00    0.00    0.00    0.00

08:24:31     CPU    %usr   %nice    %sys %iowait    %irq   %soft  %steal  %guest   %idle
08:24:33     all   47.32    0.00   52.43    0.00    0.00    0.12    0.00    0.00    0.12
08:24:33       0   46.73    0.00   52.76    0.00    0.00    0.00    0.00    0.00    0.50
08:24:33       1   43.50    0.00   56.50    0.00    0.00    0.00    0.00    0.00    0.00
08:24:33       2   49.00    0.00   51.00    0.00    0.00    0.00    0.00    0.00    0.00
08:24:33       3   50.25    0.00   49.25    0.00    0.00    0.00    0.00    0.00    0.50
stress: info: [10353] successful run completed in 30s

08:24:33     CPU    %usr   %nice    %sys %iowait    %irq   %soft  %steal  %guest   %idle
08:24:35     all    0.00    0.00    0.77    0.00    0.00    0.00    0.00    0.00   99.23
08:24:35       0    0.54    0.00    0.00    0.00    0.00    0.00    0.00    0.00   99.46
08:24:35       1    0.00    0.00    0.00    0.00    0.00    0.00    0.00    0.00  100.00
08:24:35       2    0.00    0.50    3.50    0.00    0.00    0.00    0.00    0.00   96.00
08:24:35       3    0.00    0.00    0.00    0.00    0.00    0.00    0.00    0.00  100.00

08:24:35     CPU    %usr   %nice    %sys %iowait    %irq   %soft  %steal  %guest   %idle
08:24:37     all    0.00    0.00    0.89    0.00    0.00    0.00    0.00    0.00   99.11
08:24:37       0    0.00    0.00    0.00    0.00    0.00    0.00    0.00    0.00  100.00
08:24:37       1    0.00    0.00    0.00    0.00    0.00    0.00    0.00    0.00  100.00
08:24:37       2    0.00    0.00    3.54    0.00    0.00    0.00    0.00    0.00   96.46
08:24:37       3    0.00    0.00    0.00    0.00    0.00    0.00    0.00    0.00  100.00
Result:
PASS
Result end

08:24:37     CPU    %usr   %nice    %sys %iowait    %irq   %soft  %steal  %guest   %idle
08:24:39     all    0.13    0.00    1.15    0.00    0.00    0.00    0.00    0.00   98.72
08:24:39       0    0.00    0.00    0.54    0.00    0.00    0.00    0.00    0.00   99.46
08:24:39       1    0.00    0.00    0.00    0.00    0.00    0.00    0.00    0.00  100.00
08:24:39       2    0.00    0.00    1.51    0.00    0.00    0.00    0.00    0.00   98.49
08:24:39       3    0.00    0.00    2.51    0.00    0.00    0.00    0.00    0.00   97.49

08:24:39     CPU    %usr   %nice    %sys %iowait    %irq   %soft  %steal  %guest   %idle
08:24:41     all    0.00    0.00    0.89    0.00    0.00    0.00    0.00    0.00   99.11
08:24:41       0    0.00    0.00    0.00    0.00    0.00    0.00    0.00    0.00  100.00
08:24:41       1    0.00    0.00    0.50    0.00    0.00    0.00    0.00    0.00   99.50
08:24:41       2    0.00    0.00    0.50    0.00    0.00    0.00    0.00    0.00   99.50
08:24:41       3    0.00    0.00    3.02    0.00    0.00    0.00    0.00    0.00   96.98

08:24:41     CPU    %usr   %nice    %sys %iowait    %irq   %soft  %steal  %guest   %idle
08:24:43     all    0.00    0.00    0.51    0.00    0.00    0.00    0.00    0.00   99.49
08:24:43       0    0.00    0.00    0.00    0.00    0.00    0.00    0.00    0.00  100.00
08:24:43       1    0.00    0.00    0.00    0.00    0.00    0.00    0.00    0.00  100.00
08:24:43       2    0.00    0.00    0.00    0.00    0.00    0.00    0.00    0.00  100.00
08:24:43       3    0.00    0.00    2.00    0.00    0.00    0.00    0.00    0.00   98.00

08:24:43     CPU    %usr   %nice    %sys %iowait    %irq   %soft  %steal  %guest   %idle
08:24:45     all    0.13    0.13    1.15    0.00    0.00    0.00    0.00    0.00   98.60
08:24:45       0    0.00    0.00    0.00    0.00    0.00    0.00    0.00    0.00  100.00
08:24:45       1    0.50    0.00    0.00    0.00    0.00    0.00    0.00    0.00   99.50
08:24:45       2    0.00    0.00    0.00    0.00    0.00    0.00    0.00    0.00  100.00
08:24:45       3    0.00    0.00    4.04    0.00    0.00    0.00    0.00    0.00   95.96

08:24:45     CPU    %usr   %nice    %sys %iowait    %irq   %soft  %steal  %guest   %idle
08:24:47     all    0.00    0.00    1.02    0.00    0.00    0.00    0.00    0.00   98.98
08:24:47       0    0.00    0.00    0.53    0.00    0.00    0.00    0.00    0.00   99.47
08:24:47       1    0.00    0.00    0.00    0.00    0.00    0.00    0.00    0.00  100.00
08:24:47       2    0.00    0.00    0.00    0.00    0.00    0.00    0.00    0.00  100.00
08:24:47       3    0.00    0.00    4.02    0.00    0.00    0.00    0.00    0.00   95.98

08:24:47     CPU    %usr   %nice    %sys %iowait    %irq   %soft  %steal  %guest   %idle
08:24:49     all    0.13    0.00    0.89    0.00    0.00    0.00    0.00    0.00   98.98
08:24:49       0    0.54    0.00    0.00    0.00    0.00    0.00    0.00    0.00   99.46
08:24:49       1    0.00    0.00    0.00    0.00    0.00    0.00    0.00    0.00  100.00
08:24:49       2    0.00    0.00    0.00    0.00    0.00    0.00    0.00    0.00  100.00
08:24:49       3    0.50    0.00    3.48    0.00    0.00    0.00    0.00    0.00   96.02

08:24:49     CPU    %usr   %nice    %sys %iowait    %irq   %soft  %steal  %guest   %idle
08:24:51     all    0.00    0.00    0.89    0.00    0.00    0.00    0.00    0.00   99.11
08:24:51       0    0.00    0.00    0.00    0.00    0.00    0.00    0.00    0.00  100.00
08:24:51       1    0.00    0.00    0.00    0.00    0.00    0.00    0.00    0.00  100.00
08:24:51       2    0.00    0.00    0.00    0.00    0.00    0.00    0.00    0.00  100.00
08:24:51       3    0.00    0.00    3.52    0.00    0.00    0.00    0.00    0.00   96.48

08:24:51     CPU    %usr   %nice    %sys %iowait    %irq   %soft  %steal  %guest   %idle
08:24:53     all    0.13    0.00    1.02    0.00    0.00    0.00    0.00    0.00   98.85
08:24:53       0    0.00    0.00    0.54    0.00    0.00    0.00    0.00    0.00   99.46
08:24:53       1    0.00    0.00    0.00    0.00    0.00    0.00    0.00    0.00  100.00
08:24:53       2    0.00    0.00    0.00    0.00    0.00    0.00    0.00    0.00  100.00
08:24:53       3    0.00    0.00    3.03    0.00    0.00    0.00    0.00    0.00   96.97

08:24:53     CPU    %usr   %nice    %sys %iowait    %irq   %soft  %steal  %guest   %idle
08:24:55     all    0.00    0.00    1.15    0.00    0.00    0.00    0.00    0.00   98.85
08:24:55       0    0.00    0.00    0.54    0.00    0.00    0.00    0.00    0.00   99.46
08:24:55       1    0.00    0.50    0.00    0.00    0.00    0.00    0.00    0.00   99.50
08:24:55       2    0.00    0.00    0.00    0.00    0.00    0.00    0.00    0.00  100.00
08:24:55       3    0.00    0.00    4.50    0.00    0.00    0.00    0.00    0.00   95.50

08:24:55     CPU    %usr   %nice    %sys %iowait    %irq   %soft  %steal  %guest   %idle
08:24:57     all    0.13    0.13    0.76    0.00    0.00    0.00    0.00    0.00   98.98
08:24:57       0    0.00    0.00    0.00    0.00    0.00    0.00    0.00    0.00  100.00
08:24:57       1    0.00    0.00    0.00    0.00    0.00    0.00    0.00    0.00  100.00
08:24:57       2    0.50    0.00    0.00    0.00    0.00    0.00    0.00    0.00   99.50
08:24:57       3    0.00    0.00    2.53    0.00    0.00    0.00    0.00    0.00   97.47

08:24:57     CPU    %usr   %nice    %sys %iowait    %irq   %soft  %steal  %guest   %idle
08:24:59     all    0.00    0.00    1.02    0.00    0.00    0.00    0.00    0.00   98.98
08:24:59       0    0.00    0.00    0.54    0.00    0.00    0.00    0.00    0.00   99.46
08:24:59       1    0.00    0.00    0.00    0.00    0.00    0.00    0.00    0.00  100.00
08:24:59       2    0.00    0.00    0.00    0.00    0.00    0.00    0.00    0.00  100.00
08:24:59       3    0.00    0.00    3.52    0.00    0.00    0.00    0.00    0.00   96.48

08:24:59     CPU    %usr   %nice    %sys %iowait    %irq   %soft  %steal  %guest   %idle
08:25:01     all    0.64    0.13    2.05    0.00    0.00    0.00    0.00    0.00   97.18
08:25:01       0    1.08    0.00    1.08    0.00    0.00    0.00    0.00    0.00   97.85
08:25:01       1    1.00    0.00    0.50    0.00    0.00    0.00    0.00    0.00   98.50
08:25:01       2    0.00    1.01    3.03    0.00    0.00    0.00    0.00    0.00   95.96
08:25:01       3    0.50    0.00    3.52    0.00    0.00    0.00    0.00    0.00   95.98

08:25:01     CPU    %usr   %nice    %sys %iowait    %irq   %soft  %steal  %guest   %idle
08:25:03     all    0.00    0.00    0.77    0.00    0.00    0.00    0.00    0.00   99.23
08:25:03       0    0.00    0.00    0.00    0.00    0.00    0.00    0.00    0.00  100.00
08:25:03       1    0.00    0.00    0.00    0.00    0.00    0.00    0.00    0.00  100.00
08:25:03       2    0.00    0.00    0.00    0.00    0.00    0.00    0.00    0.00  100.00
08:25:03       3    0.00    0.00    3.02    0.00    0.00    0.00    0.00    0.00   96.98

Average:     CPU    %usr   %nice    %sys %iowait    %irq   %soft  %steal  %guest   %idle
Average:     all   23.96    0.02   27.01    0.00    0.00    0.07    0.00    0.00   48.95
Average:       0   24.22    0.02   27.52    0.00    0.00    0.28    0.00    0.00   47.97
Average:       1   24.57    0.02   25.54    0.00    0.00    0.00    0.00    0.00   49.87
Average:       2   24.11    0.05   26.39    0.00    0.00    0.00    0.00    0.00   49.45
Average:       3   22.93    0.00   28.61    0.00    0.00    0.00    0.00    0.00   48.45
