MSG:
Test_Item: eth_iperf hardware
 test_type: CloseLoop
MSG end
------------------------------------------------------------
Server listening on TCP port 5001
TCP window size:  600 KByte (WARNING: requested  300 KByte)
------------------------------------------------------------
------------------------------------------------------------
Client connecting to 192.168.99.100, TCP port 5001
TCP window size:  600 KByte (WARNING: requested  300 KByte)
------------------------------------------------------------
[  5] local 192.168.99.100 port 37364 connected with 192.168.99.100 port 5001
[  4] local 192.168.99.100 port 5001 connected with 192.168.99.100 port 37364
[ ID] Interval       Transfer     Bandwidth
[  5]  0.0- 5.0 sec  2.50 GBytes  4.30 Gbits/sec
[  4]  0.0- 5.0 sec  2.50 GBytes  4.30 Gbits/sec
[  5]  5.0-10.0 sec  2.46 GBytes  4.22 Gbits/sec
[  4]  5.0-10.0 sec  2.46 GBytes  4.22 Gbits/sec
[  5] 10.0-15.0 sec  2.59 GBytes  4.45 Gbits/sec
[  4] 10.0-15.0 sec  2.59 GBytes  4.45 Gbits/sec
[  5] 15.0-20.0 sec  2.75 GBytes  4.72 Gbits/sec
[  5]  0.0-20.0 sec  10.3 GBytes  4.42 Gbits/sec
[  4] 15.0-20.0 sec  2.75 GBytes  4.72 Gbits/sec
[  4]  0.0-20.0 sec  10.3 GBytes  4.42 Gbits/sec
PASS
Result:
Result end
