2019-05-17 11:52:53,613 - INFO : Verify the test cases of Repeater Mode should be worked after the repeater is interrupted.
2019-05-17 11:52:58,654 - INFO : Cycle : 1
2019-05-17 11:52:58,654 - INFO : #------------------------------------------------------------------------------------------#
2019-05-17 11:52:58,655 - INFO : A switch to B.
2019-05-17 11:52:58,655 - WARNING : Start time is: Fri May 17 11:52:58 2019
2019-05-17 11:53:06,372 - WARNING : Catch the login filed.
2019-05-17 11:53:06,372 - WARNING : End time: Fri May 17 11:53:06 2019
2019-05-17 11:53:06,372 - INFO : The AP is switch to other.
2019-05-17 11:53:06,372 - INFO : The browser is opened.
2019-05-17 11:53:14,701 - WARNING : The MAC address is "40:B0:76:37:BC:78"
2019-05-17 11:53:14,731 - INFO : The AP switch to the 192.168.50.196.(Sueecssed)
2019-05-17 11:53:14,878 - WARNING : Start time is: Fri May 17 11:53:14 2019
2019-05-17 11:53:21,749 - WARNING : The start time of ip address catched : 2019-05-17 11:53:21.734178
2019-05-17 11:53:21,750 - INFO : The Repeater is already reboot.
2019-05-17 11:53:21,750 - INFO : Finished the ipv4 thread, the thread is stoped.
2019-05-17 11:53:23,849 - INFO : The browser is Closed.
2019-05-17 11:53:23,967 - INFO : Make sure the Mac address is correct.
2019-05-17 11:53:25,520 - WARNING : Catch the ip address of 192.168.50.111
2019-05-17 11:53:25,521 - INFO : The end time of ip address catched : 2019-05-17 11:53:25.520301
2019-05-17 11:53:25,522 - INFO : The interval time of swith to repeater is 3.786123 seconds.
2019-05-17 11:53:31,634 - WARNING : Catch the login filed.
2019-05-17 11:53:31,634 - WARNING : End time: Fri May 17 11:53:31 2019
2019-05-17 11:53:31,634 - INFO : The AP is switch to other.
2019-05-17 11:53:31,634 - WARNING : The interval time is 16 seconds.
2019-05-17 11:53:31,634 - INFO : The browser is opened.
2019-05-17 11:53:39,637 - WARNING : The MAC address is "4C:ED:FB:A4:54:58"
2019-05-17 11:53:39,652 - INFO : The AP switch to the 192.168.50.111.(Sueecssed)
2019-05-17 11:53:39,769 - INFO : Finished the ping thread, the thread is stoped.
2019-05-17 11:53:39,868 - INFO : The browser is Closed.
2019-05-17 11:53:40,001 - INFO : Waiting the repeater rebooting about 100 secs.
2019-05-17 11:55:20,002 - INFO : The AP is rebooted.
2019-05-17 11:55:20,002 - INFO : #------------------------------------------------------------------------------------------#
2019-05-17 11:55:20,002 - INFO : B switch to A.
2019-05-17 11:55:20,002 - WARNING : Start time is: Fri May 17 11:55:20 2019
2019-05-17 11:55:27,318 - WARNING : Catch the login filed.
2019-05-17 11:55:27,318 - WARNING : End time: Fri May 17 11:55:27 2019
2019-05-17 11:55:27,318 - INFO : The AP is switch to other.
2019-05-17 11:55:27,318 - INFO : The browser is opened.
2019-05-17 11:55:33,673 - WARNING : The MAC address is "4C:ED:FB:A4:54:58"
2019-05-17 11:55:33,684 - INFO : The AP switch to the 192.168.50.111.(Sueecssed)
2019-05-17 11:55:33,794 - WARNING : Start time is: Fri May 17 11:55:33 2019
2019-05-17 11:55:40,630 - WARNING : The start time of ip address catched : 2019-05-17 11:55:40.608672
2019-05-17 11:55:40,630 - INFO : The Repeater is already reboot.
2019-05-17 11:55:40,630 - INFO : Finished the ipv4 thread, the thread is stoped.
2019-05-17 11:55:42,748 - INFO : The browser is Closed.
2019-05-17 11:55:42,855 - INFO : Make sure the Mac address is correct.
2019-05-17 11:55:46,024 - WARNING : Catch the ip address of 192.168.50.196
2019-05-17 11:55:46,025 - INFO : The end time of ip address catched : 2019-05-17 11:55:46.025400
2019-05-17 11:55:46,026 - INFO : The interval time of swith to repeater is 5.416728 seconds.
2019-05-17 11:55:53,541 - WARNING : Catch the login filed.
2019-05-17 11:55:53,542 - WARNING : End time: Fri May 17 11:55:53 2019
2019-05-17 11:55:53,542 - INFO : The AP is switch to other.
2019-05-17 11:55:53,542 - WARNING : The interval time is 19 seconds.
2019-05-17 11:55:53,542 - INFO : The browser is opened.
2019-05-17 11:56:01,718 - WARNING : The MAC address is "40:B0:76:37:BC:78"
2019-05-17 11:56:01,742 - INFO : The AP switch to the 192.168.50.196.(Sueecssed)
2019-05-17 11:56:01,842 - INFO : Finished the ping thread, the thread is stoped.
2019-05-17 11:56:01,946 - INFO : The browser is Closed.
2019-05-17 11:56:02,091 - INFO : Waiting the repeater rebooting about 100 secs.
2019-05-17 11:57:42,091 - INFO : The AP is rebooted.
2019-05-17 11:57:42,091 - INFO : The test suite of wifi_roaming is finished.
