usc_130_160_4k_test_20200602_180954.log
usc_130_160_androiddm_version_20200602_180501.log
usc_130_160_audio_speaker_20200602_180416.log
usc_130_160_backlight_20200602_180424.log
usc_130_160_bluetooth_20200602_180436.log
usc_130_160_boot_animation_check_20200602_180502.log
usc_130_160_boot_info_20200602_180926.log
usc_130_160_camera_20200602_180440.log
usc_130_160_comtest_20200602_180442.log
usc_130_160_comtest_burn_20200602_180922.log
usc_130_160_cpu_burn_20200602_180554.log
usc_130_160_cpu_info_20200602_180804.log
usc_130_160_cpu_wifi_iperf_20200602_180728.log
usc_130_160_display_info_20200602_180928.log
usc_130_160_display_test_20200602_180931.log
usc_130_160_emmc_20200602_180443.log
usc_130_160_emmc_burn_20200602_180855.log
usc_130_160_emmc_info_20200602_180827.log
usc_130_160_eth_iperf_20200602_180530.log
usc_130_160_eth_ping_20200602_180908.log
usc_130_160_gpio_key_20200602_180447.log
usc_130_160_gpio_test_20200602_180924.log
usc_130_160_mem_burn_20200602_180656.log
usc_130_160_mem_info_20200602_180825.log
usc_130_160_rfid_20200602_180449.log
usc_130_160_rtc_20200602_180450.log
usc_130_160_sd_info_20200602_180828.log
usc_130_160_system_customization_20200602_180503.log
usc_130_160_systeminformation_20200602_180455.log
usc_130_160_usb_info_20200602_180830.log
usc_130_160_usb_otg_info_20200602_180831.log
usc_130_160_usbdisk_sdcard_20200602_180457.log
usc_130_160_usbdisk_sdcard_burn_20200602_180832.log
usc_130_160_video_fps_20200602_180752.log
usc_130_160_wifi_iperf_20200602_180505.log
usc130_a8_eth_iperf_py_20200602_181036.log 
