MSG:
Test_Item: eth_iperf hardware
 test_type: CloseLoop
MSG end
------------------------------------------------------------
Server listening on TCP port 5001
TCP window size:  600 KByte (WARNING: requested  300 KByte)
------------------------------------------------------------
------------------------------------------------------------
Client connecting to 192.168.99.102, TCP port 5001
TCP window size:  600 KByte (WARNING: requested  300 KByte)
------------------------------------------------------------
[  5] local 192.168.99.101 port 36570 connected with 192.168.99.102 port 5001
[  4] local 192.168.99.101 port 5001 connected with 192.168.99.102 port 54498
[ ID] Interval       Transfer     Bandwidth
[  4]  0.0- 5.0 sec  55.2 MBytes  92.7 Mbits/sec
[  5]  0.0- 5.0 sec  12.1 MBytes  20.3 Mbits/sec
[  4]  5.0-10.0 sec  56.0 MBytes  93.9 Mbits/sec
[  5]  5.0-10.0 sec  12.0 MBytes  20.1 Mbits/sec
[  4] 10.0-15.0 sec  55.9 MBytes  93.9 Mbits/sec
[  5] 10.0-15.0 sec  12.2 MBytes  20.6 Mbits/sec
[  4] 15.0-20.0 sec  55.9 MBytes  93.9 Mbits/sec
[  5] 15.0-20.0 sec  12.0 MBytes  20.1 Mbits/sec
[  5]  0.0-20.0 sec  48.5 MBytes  20.3 Mbits/sec
[  4]  0.0-20.0 sec   224 MBytes  93.6 Mbits/sec
Result:
PASS
Result end
