MSG:
Test_Item: cpu_wifi_iperf hardware
 test_type: CloseLoop
MSG end
------------------------------------------------------------
Server listening on TCP port 5001
TCP window size:  600 KByte (WARNING: requested  300 KByte)
------------------------------------------------------------
------------------------------------------------------------
Client connecting to 192.168.99.102, TCP port 5001
TCP window size:  600 KByte (WARNING: requested  300 KByte)
------------------------------------------------------------
[  5] local 192.168.99.101 port 36572 connected with 192.168.99.102 port 5001
[  4] local 192.168.99.101 port 5001 connected with 192.168.99.102 port 54599
[ ID] Interval       Transfer     Bandwidth
[  4]  0.0- 5.0 sec  55.1 MBytes  92.4 Mbits/sec
[  5]  0.0- 5.0 sec  12.8 MBytes  21.4 Mbits/sec
[  4]  5.0-10.0 sec  55.6 MBytes  93.3 Mbits/sec
[  5]  5.0-10.0 sec  13.4 MBytes  22.4 Mbits/sec
[  4] 10.0-15.0 sec  55.7 MBytes  93.4 Mbits/sec
[  5] 10.0-15.0 sec  13.5 MBytes  22.6 Mbits/sec
[  4] 15.0-20.0 sec  56.0 MBytes  94.0 Mbits/sec
[  5] 15.0-20.0 sec  13.1 MBytes  22.0 Mbits/sec
[  5]  0.0-20.1 sec  52.9 MBytes  22.1 Mbits/sec
[  4]  0.0-20.0 sec   223 MBytes  93.3 Mbits/sec
Result:
PASS
Result end
