MSG:
Test_Item: cpu_burn hardware
 test_type: CloseLoop
MSG end
stress: info: [2665] dispatching hogs: 4 cpu, 4 io, 2 vm, 0 hdd
Linux 4.4.132+ (localhost)	06/02/20	_armv7l_	(4 CPU)

10:05:54     CPU    %usr   %nice    %sys %iowait    %irq   %soft  %steal  %guest   %idle
10:05:56     all   62.62    0.00   37.00    0.00    0.00    0.12    0.00    0.00    0.25
10:05:56       0   52.00    0.00   47.00    0.00    0.00    0.50    0.00    0.00    0.50
10:05:56       1   74.50    0.00   25.00    0.00    0.00    0.00    0.00    0.00    0.50
10:05:56       2   50.00    0.00   50.00    0.00    0.00    0.00    0.00    0.00    0.00
10:05:56       3   74.00    0.00   26.00    0.00    0.00    0.00    0.00    0.00    0.00

10:05:56     CPU    %usr   %nice    %sys %iowait    %irq   %soft  %steal  %guest   %idle
10:05:58     all   63.12    0.00   36.88    0.00    0.00    0.00    0.00    0.00    0.00
10:05:58       0   50.50    0.00   49.50    0.00    0.00    0.00    0.00    0.00    0.00
10:05:58       1   75.00    0.00   25.00    0.00    0.00    0.00    0.00    0.00    0.00
10:05:58       2   50.50    0.00   49.50    0.00    0.00    0.00    0.00    0.00    0.00
10:05:58       3   76.50    0.00   23.50    0.00    0.00    0.00    0.00    0.00    0.00

10:05:58     CPU    %usr   %nice    %sys %iowait    %irq   %soft  %steal  %guest   %idle
10:06:00     all   58.50    0.00   41.25    0.00    0.00    0.25    0.00    0.00    0.00
10:06:00       0   69.00    0.00   30.00    0.00    0.00    1.00    0.00    0.00    0.00
10:06:00       1   64.00    0.00   36.00    0.00    0.00    0.00    0.00    0.00    0.00
10:06:00       2   40.00    0.00   60.00    0.00    0.00    0.00    0.00    0.00    0.00
10:06:00       3   61.00    0.00   39.00    0.00    0.00    0.00    0.00    0.00    0.00

10:06:00     CPU    %usr   %nice    %sys %iowait    %irq   %soft  %steal  %guest   %idle
10:06:02     all   53.62    0.12   45.75    0.00    0.00    0.50    0.00    0.00    0.00
10:06:02       0   97.50    0.00    0.50    0.00    0.00    2.00    0.00    0.00    0.00
10:06:02       1   64.00    0.00   36.00    0.00    0.00    0.00    0.00    0.00    0.00
10:06:02       2    1.00    0.50   98.50    0.00    0.00    0.00    0.00    0.00    0.00
10:06:02       3   52.00    0.00   48.00    0.00    0.00    0.00    0.00    0.00    0.00

10:06:02     CPU    %usr   %nice    %sys %iowait    %irq   %soft  %steal  %guest   %idle
10:06:04     all   52.00    0.00   47.88    0.00    0.00    0.12    0.00    0.00    0.00
10:06:04       0   99.00    0.00    0.50    0.00    0.00    0.50    0.00    0.00    0.00
10:06:04       1   56.50    0.00   43.50    0.00    0.00    0.00    0.00    0.00    0.00
10:06:04       2    1.50    0.00   98.50    0.00    0.00    0.00    0.00    0.00    0.00
10:06:04       3   51.00    0.00   49.00    0.00    0.00    0.00    0.00    0.00    0.00

10:06:04     CPU    %usr   %nice    %sys %iowait    %irq   %soft  %steal  %guest   %idle
10:06:06     all   53.25    0.00   46.62    0.00    0.00    0.12    0.00    0.00    0.00
10:06:06       0   99.50    0.00    0.00    0.00    0.00    0.50    0.00    0.00    0.00
10:06:06       1   54.50    0.00   45.50    0.00    0.00    0.00    0.00    0.00    0.00
10:06:06       2    8.00    0.00   92.00    0.00    0.00    0.00    0.00    0.00    0.00
10:06:06       3   51.00    0.00   49.00    0.00    0.00    0.00    0.00    0.00    0.00

10:06:06     CPU    %usr   %nice    %sys %iowait    %irq   %soft  %steal  %guest   %idle
10:06:08     all   51.25    0.00   48.38    0.00    0.00    0.38    0.00    0.00    0.00
10:06:08       0   98.50    0.00    0.00    0.00    0.00    1.50    0.00    0.00    0.00
10:06:08       1   52.50    0.00   47.50    0.00    0.00    0.00    0.00    0.00    0.00
10:06:08       2    2.00    0.00   98.00    0.00    0.00    0.00    0.00    0.00    0.00
10:06:08       3   52.00    0.00   48.00    0.00    0.00    0.00    0.00    0.00    0.00

10:06:08     CPU    %usr   %nice    %sys %iowait    %irq   %soft  %steal  %guest   %idle
10:06:10     all   53.62    0.00   46.00    0.00    0.00    0.38    0.00    0.00    0.00
10:06:10       0   98.50    0.00    0.00    0.00    0.00    1.50    0.00    0.00    0.00
10:06:10       1   63.50    0.00   36.50    0.00    0.00    0.00    0.00    0.00    0.00
10:06:10       2    0.50    0.00   99.50    0.00    0.00    0.00    0.00    0.00    0.00
10:06:10       3   52.00    0.00   48.00    0.00    0.00    0.00    0.00    0.00    0.00

10:06:10     CPU    %usr   %nice    %sys %iowait    %irq   %soft  %steal  %guest   %idle
10:06:12     all   50.25    0.00   49.00    0.00    0.00    0.75    0.00    0.00    0.00
10:06:12       0   95.00    0.00    2.00    0.00    0.00    3.00    0.00    0.00    0.00
10:06:12       1   18.50    0.00   81.50    0.00    0.00    0.00    0.00    0.00    0.00
10:06:12       2   22.00    0.00   78.00    0.00    0.00    0.00    0.00    0.00    0.00
10:06:12       3   65.50    0.00   34.50    0.00    0.00    0.00    0.00    0.00    0.00

10:06:12     CPU    %usr   %nice    %sys %iowait    %irq   %soft  %steal  %guest   %idle
10:06:14     all   50.38    0.00   49.62    0.00    0.00    0.00    0.00    0.00    0.00
10:06:14       0   98.00    0.00    2.00    0.00    0.00    0.00    0.00    0.00    0.00
10:06:14       1    1.00    0.00   99.00    0.00    0.00    0.00    0.00    0.00    0.00
10:06:14       2    2.50    0.00   97.50    0.00    0.00    0.00    0.00    0.00    0.00
10:06:14       3  100.00    0.00    0.00    0.00    0.00    0.00    0.00    0.00    0.00

10:06:14     CPU    %usr   %nice    %sys %iowait    %irq   %soft  %steal  %guest   %idle
10:06:16     all   54.87    0.00   45.12    0.00    0.00    0.00    0.00    0.00    0.00
10:06:16       0   95.50    0.00    4.50    0.00    0.00    0.00    0.00    0.00    0.00
10:06:16       1   31.50    0.00   68.50    0.00    0.00    0.00    0.00    0.00    0.00
10:06:16       2   16.00    0.00   84.00    0.00    0.00    0.00    0.00    0.00    0.00
10:06:16       3   76.50    0.00   23.50    0.00    0.00    0.00    0.00    0.00    0.00

10:06:16     CPU    %usr   %nice    %sys %iowait    %irq   %soft  %steal  %guest   %idle
10:06:18     all   53.12    0.00   46.75    0.00    0.00    0.12    0.00    0.00    0.00
10:06:18       0   77.50    0.00   22.00    0.00    0.00    0.50    0.00    0.00    0.00
10:06:18       1    4.00    0.00   96.00    0.00    0.00    0.00    0.00    0.00    0.00
10:06:18       2   49.50    0.00   50.50    0.00    0.00    0.00    0.00    0.00    0.00
10:06:18       3   81.50    0.00   18.50    0.00    0.00    0.00    0.00    0.00    0.00

10:06:18     CPU    %usr   %nice    %sys %iowait    %irq   %soft  %steal  %guest   %idle
10:06:20     all   53.12    0.00   46.75    0.00    0.00    0.12    0.00    0.00    0.00
10:06:20       0   59.00    0.00   40.50    0.00    0.00    0.50    0.00    0.00    0.00
10:06:20       1    2.00    0.00   98.00    0.00    0.00    0.00    0.00    0.00    0.00
10:06:20       2   51.50    0.00   48.50    0.00    0.00    0.00    0.00    0.00    0.00
10:06:20       3  100.00    0.00    0.00    0.00    0.00    0.00    0.00    0.00    0.00

10:06:20     CPU    %usr   %nice    %sys %iowait    %irq   %soft  %steal  %guest   %idle
10:06:22     all   54.12    0.00   45.62    0.00    0.00    0.25    0.00    0.00    0.00
10:06:22       0   64.00    0.00   35.00    0.00    0.00    1.00    0.00    0.00    0.00
10:06:22       1    1.00    0.00   99.00    0.00    0.00    0.00    0.00    0.00    0.00
10:06:22       2   51.50    0.00   48.50    0.00    0.00    0.00    0.00    0.00    0.00
10:06:22       3  100.00    0.00    0.00    0.00    0.00    0.00    0.00    0.00    0.00

10:06:22     CPU    %usr   %nice    %sys %iowait    %irq   %soft  %steal  %guest   %idle
10:06:24     all   53.06    0.00   46.69    0.00    0.00    0.12    0.00    0.00    0.12
10:06:24       0   59.00    0.00   40.50    0.00    0.00    0.50    0.00    0.00    0.00
10:06:24       1    1.50    0.00   98.50    0.00    0.00    0.00    0.00    0.00    0.00
10:06:24       2   52.00    0.00   48.00    0.00    0.00    0.00    0.00    0.00    0.00
10:06:24       3   99.50    0.00    0.00    0.00    0.00    0.00    0.00    0.00    0.50
stress: info: [2665] successful run completed in 30s

10:06:24     CPU    %usr   %nice    %sys %iowait    %irq   %soft  %steal  %guest   %idle
10:06:26     all    0.00    0.00    0.76    0.00    0.00    0.00    0.00    0.00   99.24
10:06:26       0    0.00    0.00    0.00    0.00    0.00    0.00    0.00    0.00  100.00
10:06:26       1    0.00    0.00    0.00    0.00    0.00    0.00    0.00    0.00  100.00
10:06:26       2    0.00    0.00    3.02    0.00    0.00    0.00    0.00    0.00   96.98
10:06:26       3    0.00    0.00    0.00    0.00    0.00    0.00    0.00    0.00  100.00

10:06:26     CPU    %usr   %nice    %sys %iowait    %irq   %soft  %steal  %guest   %idle
10:06:28     all    0.13    0.13    1.02    0.00    0.00    0.00    0.00    0.00   98.73
10:06:28       0    0.00    0.53    0.00    0.00    0.00    0.00    0.00    0.00   99.47
10:06:28       1    0.00    0.00    0.50    0.00    0.00    0.00    0.00    0.00   99.50
10:06:28       2    0.00    0.00    3.54    0.00    0.00    0.00    0.00    0.00   96.46
10:06:28       3    0.50    0.00    0.00    0.00    0.00    0.00    0.00    0.00   99.50
Result:
PASS
Result end

10:06:28     CPU    %usr   %nice    %sys %iowait    %irq   %soft  %steal  %guest   %idle
10:06:30     all    0.13    0.00    1.02    0.00    0.00    0.00    0.00    0.00   98.85
10:06:30       0    0.00    0.00    0.00    0.00    0.00    0.00    0.00    0.00  100.00
10:06:30       1    0.00    0.00    0.50    0.00    0.00    0.00    0.00    0.00   99.50
10:06:30       2    0.00    0.00    3.05    0.00    0.00    0.00    0.00    0.00   96.95
10:06:30       3    0.50    0.00    0.50    0.00    0.00    0.00    0.00    0.00   99.00

10:06:30     CPU    %usr   %nice    %sys %iowait    %irq   %soft  %steal  %guest   %idle
10:06:32     all    0.00    0.00    1.01    0.00    0.00    0.00    0.00    0.00   98.99
10:06:32       0    0.00    0.00    0.00    0.00    0.00    0.00    0.00    0.00  100.00
10:06:32       1    0.00    0.00    0.00    0.00    0.00    0.00    0.00    0.00  100.00
10:06:32       2    0.00    0.00    3.54    0.00    0.00    0.00    0.00    0.00   96.46
10:06:32       3    0.00    0.00    0.50    0.00    0.00    0.00    0.00    0.00   99.50

10:06:32     CPU    %usr   %nice    %sys %iowait    %irq   %soft  %steal  %guest   %idle
10:06:34     all    0.00    0.00    1.15    0.00    0.00    0.00    0.00    0.00   98.85
10:06:34       0    0.00    0.00    0.00    0.00    0.00    0.00    0.00    0.00  100.00
10:06:34       1    0.00    0.00    0.00    0.00    0.00    0.00    0.00    0.00  100.00
10:06:34       2    0.00    0.00    4.04    0.00    0.00    0.00    0.00    0.00   95.96
10:06:34       3    0.00    0.00    0.50    0.00    0.00    0.00    0.00    0.00   99.50

10:06:34     CPU    %usr   %nice    %sys %iowait    %irq   %soft  %steal  %guest   %idle
10:06:36     all    0.00    0.00    0.64    0.00    0.00    0.00    0.00    0.00   99.36
10:06:36       0    0.00    0.00    0.00    0.00    0.00    0.00    0.00    0.00  100.00
10:06:36       1    0.00    0.00    0.00    0.00    0.00    0.00    0.00    0.00  100.00
10:06:36       2    0.00    0.00    2.54    0.00    0.00    0.00    0.00    0.00   97.46
10:06:36       3    0.00    0.00    0.00    0.00    0.00    0.00    0.00    0.00  100.00

10:06:36     CPU    %usr   %nice    %sys %iowait    %irq   %soft  %steal  %guest   %idle
10:06:38     all    0.00    0.00    0.76    0.00    0.00    0.00    0.00    0.00   99.24
10:06:38       0    0.00    0.00    0.00    0.00    0.00    0.00    0.00    0.00  100.00
10:06:38       1    0.00    0.00    0.00    0.00    0.00    0.00    0.00    0.00  100.00
10:06:38       2    0.00    0.00    2.51    0.00    0.00    0.00    0.00    0.00   97.49
10:06:38       3    0.00    0.00    0.50    0.00    0.00    0.00    0.00    0.00   99.50

10:06:38     CPU    %usr   %nice    %sys %iowait    %irq   %soft  %steal  %guest   %idle
10:06:40     all    0.13    0.00    0.64    0.00    0.00    0.00    0.00    0.00   99.23
10:06:40       0    0.00    0.00    0.00    0.00    0.00    0.00    0.00    0.00  100.00
10:06:40       1    0.00    0.00    0.00    0.00    0.00    0.00    0.00    0.00  100.00
10:06:40       2    0.00    0.00    2.54    0.00    0.00    0.00    0.00    0.00   97.46
10:06:40       3    0.50    0.00    0.00    0.00    0.00    0.00    0.00    0.00   99.50

10:06:40     CPU    %usr   %nice    %sys %iowait    %irq   %soft  %steal  %guest   %idle
10:06:42     all    0.13    0.00    1.01    0.00    0.00    0.00    0.00    0.00   98.86
10:06:42       0    0.00    0.00    0.52    0.00    0.00    0.00    0.00    0.00   99.48
10:06:42       1    0.00    0.00    0.00    0.00    0.00    0.00    0.00    0.00  100.00
10:06:42       2    0.00    0.00    2.53    0.00    0.00    0.00    0.00    0.00   97.47
10:06:42       3    0.50    0.00    1.00    0.00    0.00    0.00    0.00    0.00   98.50

10:06:42     CPU    %usr   %nice    %sys %iowait    %irq   %soft  %steal  %guest   %idle
10:06:44     all    0.13    0.00    1.02    0.00    0.00    0.00    0.00    0.00   98.86
10:06:44       0    0.00    0.00    0.00    0.00    0.00    0.00    0.00    0.00  100.00
10:06:44       1    0.00    0.00    0.00    0.00    0.00    0.00    0.00    0.00  100.00
10:06:44       2    0.50    0.00    0.00    0.00    0.00    0.00    0.00    0.00   99.50
10:06:44       3    0.00    0.00    4.04    0.00    0.00    0.00    0.00    0.00   95.96

10:06:44     CPU    %usr   %nice    %sys %iowait    %irq   %soft  %steal  %guest   %idle
10:06:46     all    0.00    0.00    0.89    0.00    0.00    0.00    0.00    0.00   99.11
10:06:46       0    0.00    0.00    0.00    0.00    0.00    0.00    0.00    0.00  100.00
10:06:46       1    0.00    0.00    0.00    0.00    0.00    0.00    0.00    0.00  100.00
10:06:46       2    0.00    0.00    0.00    0.00    0.00    0.00    0.00    0.00  100.00
10:06:46       3    0.00    0.00    3.54    0.00    0.00    0.00    0.00    0.00   96.46

10:06:46     CPU    %usr   %nice    %sys %iowait    %irq   %soft  %steal  %guest   %idle
10:06:48     all    0.00    0.00    0.89    0.00    0.00    0.00    0.00    0.00   99.11
10:06:48       0    0.00    0.00    0.00    0.00    0.00    0.00    0.00    0.00  100.00
10:06:48       1    0.00    0.00    0.00    0.00    0.00    0.00    0.00    0.00  100.00
10:06:48       2    0.00    0.00    0.00    0.00    0.00    0.00    0.00    0.00  100.00
10:06:48       3    0.00    0.00    3.52    0.00    0.00    0.00    0.00    0.00   96.48

10:06:48     CPU    %usr   %nice    %sys %iowait    %irq   %soft  %steal  %guest   %idle
10:06:50     all    0.00    0.00    0.77    0.00    0.00    0.00    0.00    0.00   99.23
10:06:50       0    0.00    0.00    0.00    0.00    0.00    0.00    0.00    0.00  100.00
10:06:50       1    0.00    0.00    0.00    0.00    0.00    0.00    0.00    0.00  100.00
10:06:50       2    0.00    0.00    0.00    0.00    0.00    0.00    0.00    0.00  100.00
10:06:50       3    0.00    0.00    3.05    0.00    0.00    0.00    0.00    0.00   96.95

10:06:50     CPU    %usr   %nice    %sys %iowait    %irq   %soft  %steal  %guest   %idle
10:06:52     all    0.13    0.00    0.76    0.00    0.00    0.00    0.00    0.00   99.11
10:06:52       0    0.00    0.00    0.00    0.00    0.00    0.00    0.00    0.00  100.00
10:06:52       1    0.00    0.00    0.00    0.00    0.00    0.00    0.00    0.00  100.00
10:06:52       2    0.00    0.00    0.00    0.00    0.00    0.00    0.00    0.00  100.00
10:06:52       3    0.50    0.00    3.00    0.00    0.00    0.00    0.00    0.00   96.50

10:06:52     CPU    %usr   %nice    %sys %iowait    %irq   %soft  %steal  %guest   %idle
10:06:54     all    0.13    0.00    0.64    0.00    0.00    0.00    0.00    0.00   99.24
10:06:54       0    0.00    0.00    0.00    0.00    0.00    0.00    0.00    0.00  100.00
10:06:54       1    0.00    0.00    0.00    0.00    0.00    0.00    0.00    0.00  100.00
10:06:54       2    0.00    0.00    0.00    0.00    0.00    0.00    0.00    0.00  100.00
10:06:54       3    0.51    0.00    2.53    0.00    0.00    0.00    0.00    0.00   96.97

Average:     CPU    %usr   %nice    %sys %iowait    %irq   %soft  %steal  %guest   %idle
Average:     all   27.48    0.01   23.26    0.00    0.00    0.11    0.00    0.00   49.14
Average:       0   41.55    0.02    9.41    0.00    0.00    0.45    0.00    0.00   48.59
Average:       1   18.81    0.00   31.24    0.00    0.00    0.00    0.00    0.00   49.95
Average:       2   13.34    0.02   37.72    0.00    0.00    0.00    0.00    0.00   48.92
Average:       3   36.58    0.00   14.33    0.00    0.00    0.00    0.00    0.00   49.09
