usc_130_160_androiddm_version_20200522_163545.log
usc_130_160_audio_speaker_20200522_163451.log
usc_130_160_backlight_20200522_163458.log
usc_130_160_bluetooth_20200522_163511.log
usc_130_160_boot_animation_check_20200522_163546.log
usc_130_160_camera_20200522_163515.log
usc_130_160_comtest_20200522_163516.log
usc_130_160_cpu_burn_20200522_163637.log
usc_130_160_cpu_info_20200522_163818.log
usc_130_160_cpu_wifi_iperf_20200522_163743.log
usc_130_160_emmc_20200522_163527.log
usc_130_160_emmc_burn_20200522_163930.log
usc_130_160_emmc_info_20200522_163840.log
usc_130_160_eth_iperf_20200522_163613.log
usc_130_160_eth_ping_20200522_163941.log
usc_130_160_gpio_key_20200522_163531.log
usc_130_160_mem_burn_20200522_163711.log
usc_130_160_mem_info_20200522_163839.log
usc_130_160_rfid_20200522_163532.log
usc_130_160_rtc_20200522_163533.log
usc_130_160_sd_info_20200522_163841.log
usc_130_160_system_customization_20200522_163547.log
usc_130_160_systeminformation_20200522_163538.log
usc_130_160_usb_info_20200522_163843.log
usc_130_160_usb_otg_info_20200522_163844.log
usc_130_160_usbdisk_sdcard_20200522_163540.log
usc_130_160_usbdisk_sdcard_burn_20200522_163845.log
usc_130_160_video_fps_20200522_163807.log
usc_130_160_wifi_iperf_20200522_163548.log
