MSG:
Test_Item: cpu_info hardware
 test_type: CloseLoop
MSG end
408000
408000
408000
408000
stress: info: [5829] dispatching hogs: 4 cpu, 4 io, 2 vm, 0 hdd
1608000
1608000
Result:
PASS
processor	: 0
model name	: ARMv7 Processor rev 1 (v7l)
BogoMIPS	: 94.52
Features	: half thumb fastmult vfp edsp neon vfpv3 tls vfpv4 idiva idivt vfpd32 lpae evtstrm 
CPU implementer	: 0x41
CPU architecture: 7
CPU variant	: 0x0
CPU part	: 0xc0d
CPU revision	: 1

processor	: 1
model name	: ARMv7 Processor rev 1 (v7l)
BogoMIPS	: 94.52
Features	: half thumb fastmult vfp edsp neon vfpv3 tls vfpv4 idiva idivt vfpd32 lpae evtstrm 
CPU implementer	: 0x41
CPU architecture: 7
CPU variant	: 0x0
CPU part	: 0xc0d
CPU revision	: 1

processor	: 2
model name	: ARMv7 Processor rev 1 (v7l)
BogoMIPS	: 94.52
Features	: half thumb fastmult vfp edsp neon vfpv3 tls vfpv4 idiva idivt vfpd32 lpae evtstrm 
CPU implementer	: 0x41
CPU architecture: 7
CPU variant	: 0x0
CPU part	: 0xc0d
CPU revision	: 1

processor	: 3
model name	: ARMv7 Processor rev 1 (v7l)
BogoMIPS	: 94.52
Features	: half thumb fastmult vfp edsp neon vfpv3 tls vfpv4 idiva idivt vfpd32 lpae evtstrm 
CPU implementer	: 0x41
CPU architecture: 7
CPU variant	: 0x0
CPU part	: 0xc0d
CPU revision	: 1

Hardware	: Generic DT based system
Revision	: 0000
Serial		: a26e69be1190975f
Result end
1608000
1608000
stress: info: [5829] successful run completed in 10s
