MSG:
Test_Item: wifi_iperf hardware
 test_type: CloseLoop
MSG end
------------------------------------------------------------
Server listening on TCP port 5001
TCP window size:  600 KByte (WARNING: requested  300 KByte)
------------------------------------------------------------
------------------------------------------------------------
Client connecting to 192.168.99.102, TCP port 5001
TCP window size:  600 KByte (WARNING: requested  300 KByte)
------------------------------------------------------------
[  5] local 192.168.99.100 port 57962 connected with 192.168.99.102 port 5001
[ ID] Interval       Transfer     Bandwidth
[  5]  0.0- 5.0 sec  12.4 MBytes  20.8 Mbits/sec
[  5]  5.0-10.0 sec  11.8 MBytes  19.7 Mbits/sec
[  5] 10.0-15.0 sec  11.9 MBytes  19.9 Mbits/sec
[  5] 15.0-20.0 sec  12.0 MBytes  20.1 Mbits/sec
[  5]  0.0-20.1 sec  48.1 MBytes  20.1 Mbits/sec
Result:
PASS
Result end
