MSG:
Test_Item: usbdisk_sdcard_burn hardware
 test_type: CloseLoop
MSG end
/mnt/media_rw/0CDF-93BB
1: PASS
/mnt/media_rw/62F8-9483
1: PASS
/mnt/media_rw/6EA2-E5D9
1: PASS
/mnt/media_rw/D64C-AEAD
1: PASS
/mnt/media_rw/0CDF-93BB
2: PASS
/mnt/media_rw/62F8-9483
2: PASS
/mnt/media_rw/6EA2-E5D9
2: PASS
/mnt/media_rw/D64C-AEAD
2: PASS
/mnt/media_rw/0CDF-93BB
3: PASS
/mnt/media_rw/62F8-9483
3: PASS
/mnt/media_rw/6EA2-E5D9
3: PASS
/mnt/media_rw/D64C-AEAD
3: PASS
/mnt/media_rw/0CDF-93BB
4: PASS
/mnt/media_rw/62F8-9483
4: PASS
/mnt/media_rw/6EA2-E5D9
4: PASS
/mnt/media_rw/D64C-AEAD
4: PASS
/mnt/media_rw/0CDF-93BB
5: PASS
/mnt/media_rw/62F8-9483
5: PASS
/mnt/media_rw/6EA2-E5D9
5: PASS
/mnt/media_rw/D64C-AEAD
5: PASS
/mnt/media_rw/0CDF-93BB
6: PASS
/mnt/media_rw/62F8-9483
6: PASS
/mnt/media_rw/6EA2-E5D9
6: PASS
/mnt/media_rw/D64C-AEAD
6: PASS
/mnt/media_rw/0CDF-93BB
7: PASS
/mnt/media_rw/62F8-9483
7: PASS
/mnt/media_rw/6EA2-E5D9
7: PASS
/mnt/media_rw/D64C-AEAD
7: PASS
/mnt/media_rw/0CDF-93BB
8: PASS
/mnt/media_rw/62F8-9483
8: PASS
/mnt/media_rw/6EA2-E5D9
8: PASS
/mnt/media_rw/D64C-AEAD
8: PASS
/mnt/media_rw/0CDF-93BB
9: PASS
/mnt/media_rw/62F8-9483
9: PASS
/mnt/media_rw/6EA2-E5D9
9: PASS
/mnt/media_rw/D64C-AEAD
9: PASS
/mnt/media_rw/0CDF-93BB
10: PASS
/mnt/media_rw/62F8-9483
10: PASS
/mnt/media_rw/6EA2-E5D9
10: PASS
/mnt/media_rw/D64C-AEAD
10: PASS
Result:
PASS
Result end
