MSG:
Test_Item: cpu_wifi_iperf hardware
 test_type: CloseLoop
MSG end
------------------------------------------------------------
Server listening on TCP port 5001
TCP window size:  600 KByte (WARNING: requested  300 KByte)
------------------------------------------------------------
------------------------------------------------------------
Client connecting to 192.168.99.102, TCP port 5001
TCP window size:  600 KByte (WARNING: requested  300 KByte)
------------------------------------------------------------
[  5] local 192.168.99.100 port 57966 connected with 192.168.99.102 port 5001
[  4] local 192.168.99.100 port 5001 connected with 192.168.99.102 port 52150
[ ID] Interval       Transfer     Bandwidth
[  5]  0.0- 5.0 sec  14.0 MBytes  23.5 Mbits/sec
[  4]  0.0- 5.0 sec  54.6 MBytes  91.5 Mbits/sec
[  4]  5.0-10.0 sec  55.1 MBytes  92.4 Mbits/sec
[  5]  5.0-10.0 sec  14.5 MBytes  24.3 Mbits/sec
[  5] 10.0-15.0 sec  13.2 MBytes  22.2 Mbits/sec
[  4] 10.0-15.0 sec  55.4 MBytes  92.9 Mbits/sec
[  5] 15.0-20.0 sec  13.2 MBytes  22.2 Mbits/sec
[  5]  0.0-20.0 sec  55.1 MBytes  23.1 Mbits/sec
[  4] 15.0-20.0 sec  55.8 MBytes  93.7 Mbits/sec
[  4]  0.0-20.1 sec   222 MBytes  92.6 Mbits/sec
Result:
PASS
Result end
